[2025-02-07 21:26:36] Gateway 패턴 실습환경 구성을 시작합니다...
[2025-02-07 21:26:36] Azure CLI 로그인 상태 확인 중...
[2025-02-07 21:26:36] Namespace 생성 중...
[2025-02-07 21:26:37] Namespace dg0100-gateway 생성 완료
[2025-02-07 21:26:37] 애플리케이션 빌드 및 이미지 생성 중...
[2025-02-07 21:27:01] Building scg image...
[2025-02-07 21:27:05] Error: scg 도커 이미지 빌드 실패
[2025-02-07 21:30:29] Gateway 패턴 실습환경 구성을 시작합니다...
[2025-02-07 21:30:29] Azure CLI 로그인 상태 확인 중...
[2025-02-07 21:30:30] Namespace 생성 중...
[2025-02-07 21:30:31] Namespace dg0100-gateway 생성 완료
[2025-02-07 21:30:31] 애플리케이션 빌드 및 이미지 생성 중...
[2025-02-07 21:30:39] Building scg image...
[2025-02-07 21:30:41] Error: scg 도커 이미지 빌드 실패
[2025-02-07 21:32:33] Gateway 패턴 실습환경 구성을 시작합니다...
[2025-02-07 21:32:33] Azure CLI 로그인 상태 확인 중...
[2025-02-07 21:32:34] Namespace 생성 중...
[2025-02-07 21:32:34] Namespace dg0100-gateway 생성 완료
[2025-02-07 21:32:34] 애플리케이션 빌드 및 이미지 생성 중...
[2025-02-07 21:32:43] Building scg image...
[2025-02-07 21:32:47] Error: scg 도커 이미지 빌드 실패
[2025-02-07 21:41:39] Gateway 패턴 실습환경 구성을 시작합니다...
[2025-02-07 21:41:39] Azure CLI 로그인 상태 확인 중...
[2025-02-07 21:41:40] Namespace 생성 중...
[2025-02-07 21:41:40] Namespace dg0100-gateway 생성 완료
[2025-02-07 21:41:40] 애플리케이션 빌드 및 이미지 생성 중...
[2025-02-07 21:41:48] Building scg image...
[2025-02-07 21:42:14] scg 이미지 생성 완료
[2025-02-07 21:42:15] Error: inquiry Gradle 빌드 실패
[2025-02-07 21:43:43] Gateway 패턴 실습환경 구성을 시작합니다...
[2025-02-07 21:43:43] Azure CLI 로그인 상태 확인 중...
[2025-02-07 21:43:43] Namespace 생성 중...
[2025-02-07 21:43:44] Namespace dg0100-gateway 생성 완료
[2025-02-07 21:43:44] 애플리케이션 빌드 및 이미지 생성 중...
[2025-02-07 21:43:51] Building scg image...
[2025-02-07 21:45:09] scg 이미지 생성 완료
[2025-02-07 21:45:15] Building inquiry image...
[2025-02-07 21:46:27] inquiry 이미지 생성 완료
[2025-02-07 21:46:31] Building tech image...
[2025-02-07 21:47:38] tech 이미지 생성 완료
[2025-02-07 21:47:41] Building billing image...
[2025-02-07 21:48:48] billing 이미지 생성 완료
[2025-02-07 21:48:48] 기존 리소스 정리 중...
[2025-02-07 21:48:48] scg 리소스 삭제 완료
[2025-02-07 21:48:48] inquiry 리소스 삭제 완료
[2025-02-07 21:48:49] tech 리소스 삭제 완료
[2025-02-07 21:48:49] billing 리소스 삭제 완료
[2025-02-07 21:48:49] inquiry MongoDB 리소스 삭제 완료
[2025-02-07 21:48:49] tech MongoDB 리소스 삭제 완료
[2025-02-07 21:48:49] billing MongoDB 리소스 삭제 완료
[2025-02-07 21:48:49] 리소스 정리 완료 대기 중...
[2025-02-07 21:48:59] MongoDB 구성 중...
[2025-02-07 21:49:01] ConfigMap 생성 중...
[2025-02-07 21:49:01] 마이크로서비스 배포 중...
[2025-02-07 21:49:03] 모든 리소스가 성공적으로 생성되었습니다.
[2025-02-07 21:49:03] LoadBalancer IP 할당 대기 중...
[2025-02-07 21:49:03] IP 할당 대기 중... (1/10)
[2025-02-07 21:49:08] IP 할당 대기 중... (2/10)
[2025-02-07 21:49:13] LoadBalancer IP 할당 완료: 20.249.181.202
[2025-02-07 21:49:13] === Gateway 연결 정보 ===
[2025-02-07 21:49:13] Host: 20.249.181.202
[2025-02-07 21:49:13] Port: 8080
[2025-02-07 21:49:13] === 서비스 테스트 페이지 ===
[2025-02-07 21:49:13] http://20.249.181.202:8080/static/index.html
[2025-02-07 21:59:04] Gateway 패턴 실습환경 구성을 시작합니다...
[2025-02-07 21:59:04] Azure CLI 로그인 상태 확인 중...
[2025-02-07 21:59:04] Namespace 생성 중...
[2025-02-07 21:59:05] Namespace dg0100-gateway 생성 완료
[2025-02-07 21:59:05] 애플리케이션 빌드 및 이미지 생성 중...
[2025-02-07 21:59:17] Building scg image...
[2025-02-07 22:00:20] scg 이미지 생성 완료
[2025-02-07 22:00:24] Building inquiry image...
[2025-02-07 22:01:37] inquiry 이미지 생성 완료
[2025-02-07 22:01:40] Building tech image...
[2025-02-07 22:02:33] tech 이미지 생성 완료
[2025-02-07 22:02:35] Building billing image...
[2025-02-07 22:03:30] billing 이미지 생성 완료
[2025-02-07 22:03:30] 기존 리소스 정리 중...
[2025-02-07 22:03:30] scg 리소스 삭제 완료
[2025-02-07 22:03:30] inquiry 리소스 삭제 완료
[2025-02-07 22:03:30] tech 리소스 삭제 완료
[2025-02-07 22:03:31] billing 리소스 삭제 완료
[2025-02-07 22:03:31] inquiry MongoDB 리소스 삭제 완료
[2025-02-07 22:03:31] tech MongoDB 리소스 삭제 완료
[2025-02-07 22:03:31] billing MongoDB 리소스 삭제 완료
[2025-02-07 22:03:31] 리소스 정리 완료 대기 중...
[2025-02-07 22:03:41] MongoDB 구성 중...
[2025-02-07 22:03:42] ConfigMap 생성 중...
[2025-02-07 22:03:42] 마이크로서비스 배포 중...
[2025-02-07 22:03:44] Error: Gateway Service LoadBalancer 설정 실패
[2025-02-07 22:07:42] Gateway 패턴 실습환경 구성을 시작합니다...
[2025-02-07 22:07:42] Azure CLI 로그인 상태 확인 중...
[2025-02-07 22:07:43] Namespace 생성 중...
[2025-02-07 22:07:43] Namespace dg0100-gateway 생성 완료
[2025-02-07 22:07:43] 애플리케이션 빌드 및 이미지 생성 중...
[2025-02-07 22:07:59] Building scg image...
[2025-02-07 22:09:04] scg 이미지 생성 완료
[2025-02-07 22:09:07] Building inquiry image...
[2025-02-07 22:09:59] inquiry 이미지 생성 완료
[2025-02-07 22:10:03] Building tech image...
[2025-02-07 22:10:56] tech 이미지 생성 완료
[2025-02-07 22:11:00] Building billing image...
[2025-02-07 22:11:48] billing 이미지 생성 완료
[2025-02-07 22:11:48] 기존 리소스 정리 중...
[2025-02-07 22:11:48] scg 리소스 삭제 완료
[2025-02-07 22:11:48] inquiry 리소스 삭제 완료
[2025-02-07 22:11:49] tech 리소스 삭제 완료
[2025-02-07 22:11:49] billing 리소스 삭제 완료
[2025-02-07 22:11:49] inquiry MongoDB 리소스 삭제 완료
[2025-02-07 22:11:49] tech MongoDB 리소스 삭제 완료
[2025-02-07 22:11:49] billing MongoDB 리소스 삭제 완료
[2025-02-07 22:11:49] 리소스 정리 완료 대기 중...
[2025-02-07 22:11:59] MongoDB 구성 중...
[2025-02-07 22:12:00] ConfigMap 생성 중...
[2025-02-07 22:12:01] 마이크로서비스 배포 중...
[2025-02-07 22:12:02] 모든 리소스가 성공적으로 생성되었습니다.
[2025-02-07 22:12:02] LoadBalancer IP 할당 대기 중...
[2025-02-07 22:12:02] IP 할당 대기 중... (1/10)
[2025-02-07 22:12:07] IP 할당 대기 중... (2/10)
[2025-02-07 22:12:13] LoadBalancer IP 할당 완료: 4.230.158.106
[2025-02-07 22:12:13] === Gateway 연결 정보 ===
[2025-02-07 22:12:13] Host: 4.230.158.106
[2025-02-07 22:12:13] Port: 8080
[2025-02-07 22:12:13] === 서비스 테스트 페이지 ===
[2025-02-07 22:12:13] http://4.230.158.106:8080/static/index.html
